<?xml version="1.0" encoding="UTF-8"?>
<!-- Generated by org.testng.reporters.JUnitReportReporter -->
<testsuite hostname="DESKTOP-HHB522J" failures="0" tests="1" name="com.org.basicSelenium.BasicSeleniumConcept.BaseTest" time="52.526" errors="0" timestamp="2025-09-27T07:31:11 IST" skipped="0">
  <testcase classname="com.org.basicSelenium.BasicSeleniumConcept.BaseTest" name="FlightHomePageTest" time="52.526"/>
</testsuite> <!-- com.org.basicSelenium.BasicSeleniumConcept.BaseTest -->
